1744241095446:help
1744241108461:start
1744241116407:start --difficulty easy
1744241128528:guess 50
1744241132728:guess 80
1744241138361:guess 70
1744241141289:hint
1744241151299:guess 71
1744241160252:guess 77
1744241164069:guess 79
1744243471897:help
1744243477608:welcome
1744243487915:start easy
1744243494235:50
1744243504437:guess 50
1744243508686:hint
1744243514038:guess 15
1744243518078:guess 10
1744243523953:help
1744247341097:hint
1744247345014:start easy
1744247347584:hint
1744247350519:guess 22
1744247353360:hint
1744247356889:guess 50
1744247360338:guess 90
1744247366930:guess 70
1744247374939:guess 75
1744247377459:hint
1744247382452:guess 80
1744247385412:guess 85
1744247388229:guess 84
1744247390797:guess 83
1744247393998:guess 82
1744247399278:hint
1744247401751:guess 80
1744247404575:hint
1744247409312:start easy
1744247412432:guess 50
1744247415529:hint
1744247420761:guess 75
1744247427451:guess 90
1744247429979:guess 95
1744247432596:guess 96
1744247435531:guess 97
1744247437757:guess 99
1744247441037:hint
1744247575872:start easy
1744247577328:hint
1744247582193:guess 50
1744247585554:guess 25
1744247588434:guess 40
1744247599028:guess 47
1744247606997:guess 41
1744247611301:hint
1744247826495:start easy
1744247828733:guess 50
1744247831750:guess 25
1744247835174:guess 10
1744247838015:guess 15
1744247839311:hint
1744247842496:guess 12
1744247845400:guess 14
1744247847864:hint
